<?xml version="1.0" encoding="UTF-8"?>
<!-- Generated by org.testng.reporters.JUnitXMLReporter -->
<testsuite ignored="0" hostname="DESKTOP-HHREN1I" failures="0" tests="6" name="Default test" time="11.911" errors="0" timestamp="2023-05-11T15:45:59 IST">
  <testcase classname="api.test.DataDrivenTests" name="testPOSTUser" time="3.79"/>
  <testcase classname="api.test.DataDrivenTests" name="testPOSTUser" time="1.207"/>
  <testcase classname="api.test.DataDrivenTests" name="testPOSTUser" time="1.243"/>
  <testcase classname="api.test.DataDrivenTests" name="testDeleteUserByNames" time="1.331"/>
  <testcase classname="api.test.DataDrivenTests" name="testDeleteUserByNames" time="1.235"/>
  <testcase classname="api.test.DataDrivenTests" name="testDeleteUserByNames" time="1.23"/>
</testsuite> <!-- Default test -->
