<?xml version="1.0" encoding="UTF-8"?>
<!-- Generated by org.testng.reporters.JUnitXMLReporter -->
<testsuite ignored="0" hostname="DESKTOP-HHREN1I" failures="0" tests="10" name="PetUserTest" time="18.956" errors="0" timestamp="2023-05-11T19:38:06 IST">
  <testcase classname="api.test.DataDrivenTests" name="testPOSTUser" time="3.848"/>
  <testcase classname="api.test.DataDrivenTests" name="testPOSTUser" time="1.215"/>
  <testcase classname="api.test.DataDrivenTests" name="testPOSTUser" time="1.274"/>
  <testcase classname="api.test.DataDrivenTests" name="testDeleteUserByNames" time="1.29"/>
  <testcase classname="api.test.DataDrivenTests" name="testDeleteUserByNames" time="1.253"/>
  <testcase classname="api.test.DataDrivenTests" name="testDeleteUserByNames" time="1.248"/>
  <testcase classname="api.test.UserTests" name="testCreateUserPOSTRequest" time="1.294"/>
  <testcase classname="api.test.UserTests" name="testReadUserGETRequest" time="1.218"/>
  <testcase classname="api.test.UserTests" name="testUpdateGETRequest" time="2.492"/>
  <testcase classname="api.test.UserTests" name="testDeleteUserGETRequest" time="1.254"/>
</testsuite> <!-- PetUserTest -->
