<?xml version="1.0" encoding="UTF-8"?>
<!-- Generated by org.testng.reporters.JUnitXMLReporter -->
<testsuite ignored="0" hostname="DESKTOP-HHREN1I" failures="0" tests="4" name="Test" time="11.213" errors="0" timestamp="2023-05-09T19:27:49 IST">
  <testcase classname="web5.CreateUser" name="createUser" time="6.982"/>
  <testcase classname="web5.GetUser" name="test_getUser" time="1.159"/>
  <testcase classname="web5.UpdateUser" name="test_updateUser" time="1.704"/>
  <testcase classname="web5.DeleteUser" name="test_deleteUser" time="1.243"/>
</testsuite> <!-- Test -->
