<?xml version="1.0" encoding="UTF-8"?>
<testng-results ignored="0" total="10" passed="10" failed="0" skipped="0">
  <reporter-output>
  </reporter-output>
  <suite started-at="2023-05-11T19:37:47 IST" name="Suite" finished-at="2023-05-11T19:38:06 IST" duration-ms="18956">
    <groups>
    </groups>
    <test started-at="2023-05-11T19:37:47 IST" name="PetUserTest" finished-at="2023-05-11T19:38:06 IST" duration-ms="18956">
      <class name="api.test.DataDrivenTests">
        <test-method signature="testPOSTUser(java.lang.String,java.lang.String,java.lang.String,java.lang.String,java.lang.String,java.lang.String,java.lang.String)[pri:1, instance:api.test.DataDrivenTests@53ce1329]" started-at="2023-05-11T19:37:49 IST" name="testPOSTUser" data-provider="Data" finished-at="2023-05-11T19:37:53 IST" duration-ms="3848" status="PASS">
          <params>
            <param index="0">
              <value>
                <![CDATA[1010]]>
              </value>
            </param>
            <param index="1">
              <value>
                <![CDATA[testuser1]]>
              </value>
            </param>
            <param index="2">
              <value>
                <![CDATA[John]]>
              </value>
            </param>
            <param index="3">
              <value>
                <![CDATA[Canedy]]>
              </value>
            </param>
            <param index="4">
              <value>
                <![CDATA[a@gmail.com]]>
              </value>
            </param>
            <param index="5">
              <value>
                <![CDATA[12345]]>
              </value>
            </param>
            <param index="6">
              <value>
                <![CDATA[123456789]]>
              </value>
            </param>
          </params>
          <reporter-output>
          </reporter-output>
        </test-method> <!-- testPOSTUser -->
        <test-method signature="testPOSTUser(java.lang.String,java.lang.String,java.lang.String,java.lang.String,java.lang.String,java.lang.String,java.lang.String)[pri:1, instance:api.test.DataDrivenTests@53ce1329]" started-at="2023-05-11T19:37:53 IST" name="testPOSTUser" data-provider="Data" finished-at="2023-05-11T19:37:54 IST" duration-ms="1215" status="PASS">
          <params>
            <param index="0">
              <value>
                <![CDATA[1020]]>
              </value>
            </param>
            <param index="1">
              <value>
                <![CDATA[testuser2]]>
              </value>
            </param>
            <param index="2">
              <value>
                <![CDATA[Kim]]>
              </value>
            </param>
            <param index="3">
              <value>
                <![CDATA[Kom]]>
              </value>
            </param>
            <param index="4">
              <value>
                <![CDATA[b@gmail.com]]>
              </value>
            </param>
            <param index="5">
              <value>
                <![CDATA[12345]]>
              </value>
            </param>
            <param index="6">
              <value>
                <![CDATA[123456789]]>
              </value>
            </param>
          </params>
          <reporter-output>
          </reporter-output>
        </test-method> <!-- testPOSTUser -->
        <test-method signature="testPOSTUser(java.lang.String,java.lang.String,java.lang.String,java.lang.String,java.lang.String,java.lang.String,java.lang.String)[pri:1, instance:api.test.DataDrivenTests@53ce1329]" started-at="2023-05-11T19:37:54 IST" name="testPOSTUser" data-provider="Data" finished-at="2023-05-11T19:37:55 IST" duration-ms="1274" status="PASS">
          <params>
            <param index="0">
              <value>
                <![CDATA[1030]]>
              </value>
            </param>
            <param index="1">
              <value>
                <![CDATA[testuser3]]>
              </value>
            </param>
            <param index="2">
              <value>
                <![CDATA[Smith]]>
              </value>
            </param>
            <param index="3">
              <value>
                <![CDATA[Steve]]>
              </value>
            </param>
            <param index="4">
              <value>
                <![CDATA[c@gmail.com]]>
              </value>
            </param>
            <param index="5">
              <value>
                <![CDATA[12345]]>
              </value>
            </param>
            <param index="6">
              <value>
                <![CDATA[123456789]]>
              </value>
            </param>
          </params>
          <reporter-output>
          </reporter-output>
        </test-method> <!-- testPOSTUser -->
        <test-method signature="testDeleteUserByNames(java.lang.String)[pri:2, instance:api.test.DataDrivenTests@53ce1329]" started-at="2023-05-11T19:37:55 IST" name="testDeleteUserByNames" data-provider="UserNames" finished-at="2023-05-11T19:37:57 IST" duration-ms="1290" status="PASS">
          <params>
            <param index="0">
              <value>
                <![CDATA[testuser1]]>
              </value>
            </param>
          </params>
          <reporter-output>
          </reporter-output>
        </test-method> <!-- testDeleteUserByNames -->
        <test-method signature="testDeleteUserByNames(java.lang.String)[pri:2, instance:api.test.DataDrivenTests@53ce1329]" started-at="2023-05-11T19:37:57 IST" name="testDeleteUserByNames" data-provider="UserNames" finished-at="2023-05-11T19:37:58 IST" duration-ms="1253" status="PASS">
          <params>
            <param index="0">
              <value>
                <![CDATA[testuser2]]>
              </value>
            </param>
          </params>
          <reporter-output>
          </reporter-output>
        </test-method> <!-- testDeleteUserByNames -->
        <test-method signature="testDeleteUserByNames(java.lang.String)[pri:2, instance:api.test.DataDrivenTests@53ce1329]" started-at="2023-05-11T19:37:58 IST" name="testDeleteUserByNames" data-provider="UserNames" finished-at="2023-05-11T19:37:59 IST" duration-ms="1248" status="PASS">
          <params>
            <param index="0">
              <value>
                <![CDATA[testuser3]]>
              </value>
            </param>
          </params>
          <reporter-output>
          </reporter-output>
        </test-method> <!-- testDeleteUserByNames -->
      </class> <!-- api.test.DataDrivenTests -->
      <class name="api.test.UserTests">
        <test-method is-config="true" signature="setupData()[pri:0, instance:api.test.UserTests@1ed6388a]" started-at="2023-05-11T19:37:59 IST" name="setupData" finished-at="2023-05-11T19:37:59 IST" duration-ms="232" status="PASS">
          <reporter-output>
          </reporter-output>
        </test-method> <!-- setupData -->
        <test-method signature="testCreateUserPOSTRequest()[pri:1, instance:api.test.UserTests@1ed6388a]" started-at="2023-05-11T19:37:59 IST" name="testCreateUserPOSTRequest" finished-at="2023-05-11T19:38:01 IST" duration-ms="1294" status="PASS">
          <reporter-output>
          </reporter-output>
        </test-method> <!-- testCreateUserPOSTRequest -->
        <test-method signature="testReadUserGETRequest()[pri:2, instance:api.test.UserTests@1ed6388a]" started-at="2023-05-11T19:38:01 IST" name="testReadUserGETRequest" finished-at="2023-05-11T19:38:02 IST" duration-ms="1218" status="PASS">
          <reporter-output>
          </reporter-output>
        </test-method> <!-- testReadUserGETRequest -->
        <test-method signature="testUpdateGETRequest()[pri:3, instance:api.test.UserTests@1ed6388a]" started-at="2023-05-11T19:38:02 IST" name="testUpdateGETRequest" finished-at="2023-05-11T19:38:04 IST" duration-ms="2492" status="PASS">
          <reporter-output>
          </reporter-output>
        </test-method> <!-- testUpdateGETRequest -->
        <test-method signature="testDeleteUserGETRequest()[pri:4, instance:api.test.UserTests@1ed6388a]" started-at="2023-05-11T19:38:04 IST" name="testDeleteUserGETRequest" finished-at="2023-05-11T19:38:06 IST" duration-ms="1254" status="PASS">
          <reporter-output>
          </reporter-output>
        </test-method> <!-- testDeleteUserGETRequest -->
      </class> <!-- api.test.UserTests -->
    </test> <!-- PetUserTest -->
  </suite> <!-- Suite -->
</testng-results>
